<?xml version="1.0" encoding="UTF-8"?>
<testsuite name="MainTest" tests="1" skipped="0" failures="0" errors="0" timestamp="2023-08-17T23:14:10" hostname="DESKTOP-PAOJ61K" time="0.012">
  <properties/>
  <testcase name="aTest()" classname="MainTest" time="0.012"/>
  <system-out><![CDATA[]]></system-out>
  <system-err><![CDATA[]]></system-err>
</testsuite>
